<?xml version="1.0" encoding="UTF-8"?>
<testsuite xmlns:xsi="http://www.w3.org/2001/XMLSchema-instance" xsi:noNamespaceSchemaLocation="https://maven.apache.org/surefire/maven-surefire-plugin/xsd/surefire-test-report-3.0.xsd" version="3.0" name="pl.bucko.external_stock.ExternalStockApplicationTests" time="16.732" tests="1" errors="0" skipped="0" failures="0">
  <properties>
[...]
</properties>
  <testcase name="contextLoads" classname="pl.bucko.external_stock.ExternalStockApplicationTests" time="0.344">
    <system-out><![CDATA[09:29:15.892 [main] DEBUG org.springframework.test.context.BootstrapUtils - Instantiating CacheAwareContextLoaderDelegate from class [org.springframework.test.context.cache.DefaultCacheAwareContextLoaderDelegate]
09:29:15.924 [main] DEBUG org.springframework.test.context.BootstrapUtils - Instantiating BootstrapContext using constructor [public org.springframework.test.context.support.DefaultBootstrapContext(java.lang.Class,org.springframework.test.context.CacheAwareContextLoaderDelegate)]
09:29:16.006 [main] DEBUG org.springframework.test.context.BootstrapUtils - Instantiating TestContextBootstrapper for test class [pl.bucko.external_stock.ExternalStockApplicationTests] from class [org.springframework.boot.test.context.SpringBootTestContextBootstrapper]
09:29:16.021 [main] INFO org.springframework.boot.test.context.SpringBootTestContextBootstrapper - Neither @ContextConfiguration nor @ContextHierarchy found for test class [pl.bucko.external_stock.ExternalStockApplicationTests], using SpringBootContextLoader
09:29:16.021 [main] DEBUG org.springframework.test.context.support.AbstractContextLoader - Did not detect default resource location for test class [pl.bucko.external_stock.ExternalStockApplicationTests]: class path resource [pl/bucko/external_stock/ExternalStockApplicationTests-context.xml] does not exist
09:29:16.037 [main] DEBUG org.springframework.test.context.support.AbstractContextLoader - Did not detect default resource location for test class [pl.bucko.external_stock.ExternalStockApplicationTests]: class path resource [pl/bucko/external_stock/ExternalStockApplicationTestsContext.groovy] does not exist
09:29:16.037 [main] INFO org.springframework.test.context.support.AbstractContextLoader - Could not detect default resource locations for test class [pl.bucko.external_stock.ExternalStockApplicationTests]: no resource found for suffixes {-context.xml, Context.groovy}.
09:29:16.037 [main] INFO org.springframework.test.context.support.AnnotationConfigContextLoaderUtils - Could not detect default configuration classes for test class [pl.bucko.external_stock.ExternalStockApplicationTests]: ExternalStockApplicationTests does not declare any static, non-private, non-final, nested classes annotated with @Configuration.
09:29:16.146 [main] DEBUG org.springframework.test.context.support.ActiveProfilesUtils - Could not find an 'annotation declaring class' for annotation type [org.springframework.test.context.ActiveProfiles] and class [pl.bucko.external_stock.ExternalStockApplicationTests]
09:29:16.303 [main] DEBUG org.springframework.context.annotation.ClassPathScanningCandidateComponentProvider - Identified candidate component class: file [D:\projekty\external_stock\target\classes\pl\bucko\external_stock\ExternalStockApplication.class]
09:29:16.318 [main] INFO org.springframework.boot.test.context.SpringBootTestContextBootstrapper - Found @SpringBootConfiguration pl.bucko.external_stock.ExternalStockApplication for test class pl.bucko.external_stock.ExternalStockApplicationTests
09:29:16.606 [main] DEBUG org.springframework.boot.test.context.SpringBootTestContextBootstrapper - @TestExecutionListeners is not present for class [pl.bucko.external_stock.ExternalStockApplicationTests]: using defaults.
09:29:16.606 [main] INFO org.springframework.boot.test.context.SpringBootTestContextBootstrapper - Loaded default TestExecutionListener class names from location [META-INF/spring.factories]: [org.springframework.boot.test.mock.mockito.MockitoTestExecutionListener, org.springframework.boot.test.mock.mockito.ResetMocksTestExecutionListener, org.springframework.boot.test.autoconfigure.restdocs.RestDocsTestExecutionListener, org.springframework.boot.test.autoconfigure.web.client.MockRestServiceServerResetTestExecutionListener, org.springframework.boot.test.autoconfigure.web.servlet.MockMvcPrintOnlyOnFailureTestExecutionListener, org.springframework.boot.test.autoconfigure.web.servlet.WebDriverTestExecutionListener, org.springframework.boot.test.autoconfigure.webservices.client.MockWebServiceServerTestExecutionListener, org.springframework.test.context.web.ServletTestExecutionListener, org.springframework.test.context.support.DirtiesContextBeforeModesTestExecutionListener, org.springframework.test.context.support.DependencyInjectionTestExecutionListener, org.springframework.test.context.support.DirtiesContextTestExecutionListener, org.springframework.test.context.transaction.TransactionalTestExecutionListener, org.springframework.test.context.jdbc.SqlScriptsTestExecutionListener, org.springframework.test.context.event.EventPublishingTestExecutionListener]
09:29:16.637 [main] INFO org.springframework.boot.test.context.SpringBootTestContextBootstrapper - Using TestExecutionListeners: [org.springframework.test.context.web.ServletTestExecutionListener@6ebf0f36, org.springframework.test.context.support.DirtiesContextBeforeModesTestExecutionListener@18920cc, org.springframework.boot.test.mock.mockito.MockitoTestExecutionListener@2807bdeb, org.springframework.boot.test.autoconfigure.SpringBootDependencyInjectionTestExecutionListener@72c28d64, org.springframework.test.context.support.DirtiesContextTestExecutionListener@6492fab5, org.springframework.test.context.transaction.TransactionalTestExecutionListener@2c5529ab, org.springframework.test.context.jdbc.SqlScriptsTestExecutionListener@39a8312f, org.springframework.test.context.event.EventPublishingTestExecutionListener@5f6722d3, org.springframework.boot.test.mock.mockito.ResetMocksTestExecutionListener@2c532cd8, org.springframework.boot.test.autoconfigure.restdocs.RestDocsTestExecutionListener@294e5088, org.springframework.boot.test.autoconfigure.web.client.MockRestServiceServerResetTestExecutionListener@51972dc7, org.springframework.boot.test.autoconfigure.web.servlet.MockMvcPrintOnlyOnFailureTestExecutionListener@3700ec9c, org.springframework.boot.test.autoconfigure.web.servlet.WebDriverTestExecutionListener@2002348, org.springframework.boot.test.autoconfigure.webservices.client.MockWebServiceServerTestExecutionListener@5911e990]
09:29:16.653 [main] DEBUG org.springframework.test.context.support.AbstractDirtiesContextTestExecutionListener - Before test class: context [DefaultTestContext@45815ffc testClass = ExternalStockApplicationTests, testInstance = [null], testMethod = [null], testException = [null], mergedContextConfiguration = [WebMergedContextConfiguration@732f29af testClass = ExternalStockApplicationTests, locations = '{}', classes = '{class pl.bucko.external_stock.ExternalStockApplication}', contextInitializerClasses = '[]', activeProfiles = '{}', propertySourceLocations = '{}', propertySourceProperties = '{org.springframework.boot.test.context.SpringBootTestContextBootstrapper=true}', contextCustomizers = set[org.springframework.boot.test.context.filter.ExcludeFilterContextCustomizer@25be7b63, org.springframework.boot.test.json.DuplicateJsonObjectContextCustomizerFactory$DuplicateJsonObjectContextCustomizer@52f27fbd, org.springframework.boot.test.mock.mockito.MockitoContextCustomizer@0, org.springframework.boot.test.web.client.TestRestTemplateContextCustomizer@6cb107fd, org.springframework.boot.test.autoconfigure.actuate.metrics.MetricsExportContextCustomizerFactory$DisableMetricExportContextCustomizer@6f204a1a, org.springframework.boot.test.autoconfigure.properties.PropertyMappingContextCustomizer@0, org.springframework.boot.test.autoconfigure.web.servlet.WebDriverContextCustomizerFactory$Customizer@3feb2dda, org.springframework.boot.test.context.SpringBootTestArgs@1, org.springframework.boot.test.context.SpringBootTestWebEnvironment@5b0abc94], resourceBasePath = 'src/main/webapp', contextLoader = 'org.springframework.boot.test.context.SpringBootContextLoader', parent = [null]], attributes = map['org.springframework.test.context.web.ServletTestExecutionListener.activateListener' -> true]], class annotated with @DirtiesContext [false] with mode [null].
09:29:16.716 [main] DEBUG org.springframework.test.context.support.TestPropertySourceUtils - Adding inlined properties to environment: {spring.jmx.enabled=false, org.springframework.boot.test.context.SpringBootTestContextBootstrapper=true}

  .   ____          _            __ _ _
 /\\ / ___'_ __ _ _(_)_ __  __ _ \ \ \ \
( ( )\___ | '_ | '_| | '_ \/ _` | \ \ \ \
 \\/  ___)| |_)| | | | | || (_| |  ) ) ) )
  '  |____| .__|_| |_|_| |_\__, | / / / /
 =========|_|==============|___/=/_/_/_/
 :: Spring Boot ::                (v2.4.1)

2022-10-06 09:29:17.253  WARN 13768 --- [           main] ory$DuplicateJsonObjectContextCustomizer : 

Found multiple occurrences of org.json.JSONObject on the class path:

	jar:file:/C:/Users/Marko1/.m2/repository/com/vaadin/external/google/android-json/0.0.20131108.vaadin1/android-json-0.0.20131108.vaadin1.jar!/org/json/JSONObject.class
	jar:file:/C:/Users/Marko1/.m2/repository/org/json/json/20210307/json-20210307.jar!/org/json/JSONObject.class

You may wish to exclude one of them to ensure predictable runtime behavior

2022-10-06 09:29:17.287  INFO 13768 --- [           main] p.b.e.ExternalStockApplicationTests      : Starting ExternalStockApplicationTests using Java 14.0.2 on GRZEGORZ-B with PID 13768 (started by Marko1 in D:\projekty\external_stock)
2022-10-06 09:29:17.287  INFO 13768 --- [           main] p.b.e.ExternalStockApplicationTests      : No active profile set, falling back to default profiles: default
2022-10-06 09:29:19.727  INFO 13768 --- [           main] .s.d.r.c.RepositoryConfigurationDelegate : Bootstrapping Spring Data JPA repositories in DEFAULT mode.
2022-10-06 09:29:20.166  INFO 13768 --- [           main] .s.d.r.c.RepositoryConfigurationDelegate : Finished Spring Data repository scanning in 420 ms. Found 9 JPA repository interfaces.
2022-10-06 09:29:22.545  INFO 13768 --- [           main] o.hibernate.jpa.internal.util.LogHelper  : HHH000204: Processing PersistenceUnitInfo [name: default]
2022-10-06 09:29:22.733  INFO 13768 --- [           main] org.hibernate.Version                    : HHH000412: Hibernate ORM core version 5.4.25.Final
2022-10-06 09:29:23.123  INFO 13768 --- [           main] o.hibernate.annotations.common.Version   : HCANN000001: Hibernate Commons Annotations {5.0.1.Final}
2022-10-06 09:29:23.371  INFO 13768 --- [           main] com.zaxxer.hikari.HikariDataSource       : HikariPool-1 - Starting...
2022-10-06 09:29:24.131  INFO 13768 --- [           main] com.zaxxer.hikari.HikariDataSource       : HikariPool-1 - Start completed.
2022-10-06 09:29:24.194  INFO 13768 --- [           main] org.hibernate.dialect.Dialect            : HHH000400: Using dialect: org.hibernate.dialect.SQLServer2012Dialect
2022-10-06 09:29:26.245  INFO 13768 --- [           main] o.h.e.t.j.p.i.JtaPlatformInitiator       : HHH000490: Using JtaPlatform implementation: [org.hibernate.engine.transaction.jta.platform.internal.NoJtaPlatform]
2022-10-06 09:29:26.261  INFO 13768 --- [           main] j.LocalContainerEntityManagerFactoryBean : Initialized JPA EntityManagerFactory for persistence unit 'default'
2022-10-06 09:29:26.439  WARN 13768 --- [           main] JpaBaseConfiguration$JpaWebConfiguration : spring.jpa.open-in-view is enabled by default. Therefore, database queries may be performed during view rendering. Explicitly configure spring.jpa.open-in-view to disable this warning
2022-10-06 09:29:29.079  INFO 13768 --- [           main] o.s.s.web.DefaultSecurityFilterChain     : Will secure Ant [pattern='/resources/**'] with []
2022-10-06 09:29:29.079  INFO 13768 --- [           main] o.s.s.web.DefaultSecurityFilterChain     : Will secure Ant [pattern='/static/**'] with []
2022-10-06 09:29:29.079  INFO 13768 --- [           main] o.s.s.web.DefaultSecurityFilterChain     : Will secure Ant [pattern='/css/**'] with []
2022-10-06 09:29:29.079  INFO 13768 --- [           main] o.s.s.web.DefaultSecurityFilterChain     : Will secure Ant [pattern='/img/**'] with []
2022-10-06 09:29:29.079  INFO 13768 --- [           main] o.s.s.web.DefaultSecurityFilterChain     : Will secure Ant [pattern='/images/**'] with []
2022-10-06 09:29:29.079  INFO 13768 --- [           main] o.s.s.web.DefaultSecurityFilterChain     : Will secure Ant [pattern='/js/**'] with []
2022-10-06 09:29:29.633  INFO 13768 --- [           main] o.s.s.web.DefaultSecurityFilterChain     : Will secure any request with [org.springframework.security.web.context.request.async.WebAsyncManagerIntegrationFilter@b1e63b5, org.springframework.security.web.context.SecurityContextPersistenceFilter@6e669b5c, org.springframework.security.web.header.HeaderWriterFilter@3338d706, org.springframework.security.web.authentication.logout.LogoutFilter@8318808, org.springframework.security.web.authentication.UsernamePasswordAuthenticationFilter@51158fb1, org.springframework.security.web.savedrequest.RequestCacheAwareFilter@7e9ea888, org.springframework.security.web.servletapi.SecurityContextHolderAwareRequestFilter@4fcb796f, org.springframework.security.web.authentication.AnonymousAuthenticationFilter@186537ac, org.springframework.security.web.session.SessionManagementFilter@19a544cd, org.springframework.security.web.access.ExceptionTranslationFilter@3ddc5a75, org.springframework.security.web.access.intercept.FilterSecurityInterceptor@5ae6119b]
2022-10-06 09:29:32.062  INFO 13768 --- [           main] p.b.e.ExternalStockApplicationTests      : Started ExternalStockApplicationTests in 15.339 seconds (JVM running for 17.57)
]]></system-out>
  </testcase>
</testsuite>